<?xml version="1.0" encoding="UTF-8"?>
<!-- Generated by org.testng.reporters.JUnitXMLReporter -->
<testsuite hostname="DESKTOP-TBSD3T7" ignored="0" name="RockSolicitorsE2E(Structured Test)" tests="16" failures="0" timestamp="2021-04-14T17:58:56 BST" time="86.794" errors="0">
  <testcase name="validateMakeEnquiryForm" time="4.149" classname="com.rockSolicitors.tests.MakeAnEnquiryTest"/>
  <testcase name="validatePageUrl" time="4.599" classname="com.rockSolicitors.tests.MakePaymentTest"/>
  <testcase name="validatePageTitle" time="0.001" classname="com.rockSolicitors.tests.MakePaymentTest"/>
  <testcase name="validateReferenceNumberField" time="0.001" classname="com.rockSolicitors.tests.MakePaymentTest"/>
  <testcase name="validateBookAnAppointmentPageUrl" time="8.985" classname="com.rockSolicitors.tests.BookAnAppointmentTest"/>
  <testcase name="validatePriceListPage" time="12.78" classname="com.rockSolicitors.tests.ViewPriceListTest"/>
  <testcase name="validateMakeEnquiryFormFields" time="9.745" classname="com.rockSolicitors.tests.MakeAnEnquiryTest"/>
  <testcase name="validateWillsPowerOfAttorneyWillsPage" time="2.369" classname="com.rockSolicitors.tests.ViewPriceListTest"/>
  <testcase name="validateButtonsOnReferToAFriendPage" time="17.852" classname="com.rockSolicitors.tests.RecommendUsTest"/>
  <testcase name="validatePurchaseOfBusinessAndFranchise" time="2.203" classname="com.rockSolicitors.tests.ViewPriceListTest"/>
  <testcase name="validateConveyancingAndPropertyPage" time="2.079" classname="com.rockSolicitors.tests.ViewPriceListTest"/>
  <testcase name="validateMessagePreview" time="3.827" classname="com.rockSolicitors.tests.RecommendUsTest"/>
  <testcase name="validateReadYourDocumentPageUrl" time="7.657" classname="com.rockSolicitors.tests.ReadYourDocumentTest"/>
  <testcase name="validateYourFriendDetailsWarnings" time="11.821" classname="com.rockSolicitors.tests.RecommendUsTest"/>
  <testcase name="validateYourDetailsWarnings" time="5.619" classname="com.rockSolicitors.tests.RecommendUsTest"/>
  <testcase name="validateOnboardFormsUrl" time="69.067" classname="com.rockSolicitors.tests.ProvideInformationTest"/>
</testsuite> <!-- RockSolicitorsE2E(Structured Test) -->
