<?xml version="1.0" encoding="UTF-8"?>
<!-- Generated by org.testng.reporters.JUnitXMLReporter -->
<testsuite ignored="0" hostname="DESKTOP-TBSD3T7" failures="0" tests="2" name="Surefire test" time="29.985" errors="0" timestamp="2021-06-26T01:22:52 BST">
  <testcase classname="com.rockSolicitors.tests.MakeAnEnquiryTest" name="validateMakeEnquiryForm" time="4.234"/>
  <testcase classname="com.rockSolicitors.tests.MakeAnEnquiryTest" name="validateMakeEnquiryFormFields" time="8.188"/>
</testsuite> <!-- Surefire test -->
