<?xml version="1.0" encoding="UTF-8"?>
<!-- Generated by org.testng.reporters.JUnitXMLReporter -->
<testsuite ignored="0" hostname="DESKTOP-TBSD3T7" failures="0" tests="2" name="Surefire test" time="19.453" errors="0" timestamp="2021-04-20T09:15:03 BST">
  <testcase classname="com.rockSolicitors.tests.MakeAnEnquiryTest" name="validateMakeEnquiryForm" time="2.884"/>
  <testcase classname="com.rockSolicitors.tests.MakeAnEnquiryTest" name="validateMakeEnquiryFormFields" time="7.389"/>
</testsuite> <!-- Surefire test -->
