<?xml version="1.0" encoding="UTF-8"?>
<testsuite xmlns:xsi="http://www.w3.org/2001/XMLSchema-instance" xsi:noNamespaceSchemaLocation="https://maven.apache.org/surefire/maven-surefire-plugin/xsd/surefire-test-report-3.0.xsd" version="3.0" name="TestSuite" time="90.846" tests="16" errors="0" skipped="0" failures="0">
  <properties>
[...]
</properties>
  <testcase name="validateMakeEnquiryForm" classname="com.rockSolicitors.tests.MakeAnEnquiryTest" time="1.888">
    <system-out><![CDATA[[TestNGContentHandler] [WARN] It is strongly recommended to add "<!DOCTYPE suite SYSTEM "https://testng.org/testng-1.0.dtd" >" at the top of your file, otherwise TestNG may fail or not work as expected.
]]></system-out>
    <system-err><![CDATA[SLF4J: Failed to load class "org.slf4j.impl.StaticLoggerBinder".
SLF4J: Defaulting to no-operation (NOP) logger implementation
SLF4J: See http://www.slf4j.org/codes.html#StaticLoggerBinder for further details.
Starting MSEdgeDriver 89.0.774.76 (e9b1c8e4a587fb5385c66272194282bbede85644) on port 39313
Only local connections are allowed.
Please see https://chromedriver.chromium.org/security-considerations for suggestions on keeping MSEdgeDriver safe.
MSEdgeDriver was started successfully.
Starting MSEdgeDriver 89.0.774.76 (e9b1c8e4a587fb5385c66272194282bbede85644) on port 47811
Only local connections are allowed.
Please see https://chromedriver.chromium.org/security-considerations for suggestions on keeping MSEdgeDriver safe.
MSEdgeDriver was started successfully.
Starting MSEdgeDriver 89.0.774.76 (e9b1c8e4a587fb5385c66272194282bbede85644) on port 47313
Only local connections are allowed.
Please see https://chromedriver.chromium.org/security-considerations for suggestions on keeping MSEdgeDriver safe.
MSEdgeDriver was started successfully.
Starting MSEdgeDriver 89.0.774.76 (e9b1c8e4a587fb5385c66272194282bbede85644) on port 39369
Only local connections are allowed.
Please see https://chromedriver.chromium.org/security-considerations for suggestions on keeping MSEdgeDriver safe.
MSEdgeDriver was started successfully.
Apr 14, 2021 5:57:33 PM org.openqa.selenium.remote.ProtocolHandshake createSession
INFO: Detected dialect: W3C
Starting MSEdgeDriver 89.0.774.76 (e9b1c8e4a587fb5385c66272194282bbede85644) on port 31941
Only local connections are allowed.
Please see https://chromedriver.chromium.org/security-considerations for suggestions on keeping MSEdgeDriver safe.
MSEdgeDriver was started successfully.
Apr 14, 2021 5:57:34 PM org.openqa.selenium.remote.ProtocolHandshake createSession
INFO: Detected dialect: W3C
Starting MSEdgeDriver 89.0.774.76 (e9b1c8e4a587fb5385c66272194282bbede85644) on port 10408
Only local connections are allowed.
Please see https://chromedriver.chromium.org/security-considerations for suggestions on keeping MSEdgeDriver safe.
MSEdgeDriver was started successfully.
Apr 14, 2021 5:57:35 PM org.openqa.selenium.remote.ProtocolHandshake createSession
INFO: Detected dialect: W3C
Apr 14, 2021 5:57:37 PM org.openqa.selenium.remote.ProtocolHandshake createSession
INFO: Detected dialect: W3C
Apr 14, 2021 5:57:37 PM org.openqa.selenium.remote.ProtocolHandshake createSession
INFO: Detected dialect: W3C
Apr 14, 2021 5:57:38 PM org.openqa.selenium.remote.ProtocolHandshake createSession
INFO: Detected dialect: W3C
]]></system-err>
  </testcase>
  <testcase name="validateMakeEnquiryFormFields" classname="com.rockSolicitors.tests.MakeAnEnquiryTest" time="1.728">
    <system-err><![CDATA[Apr 14, 2021 5:57:58 PM org.openqa.selenium.remote.ProtocolHandshake createSession
INFO: Detected dialect: W3C
]]></system-err>
  </testcase>
  <testcase name="validatePageUrl" classname="com.rockSolicitors.tests.MakePaymentTest" time="2.711"/>
  <testcase name="validatePageTitle" classname="com.rockSolicitors.tests.MakePaymentTest" time="0.001"/>
  <testcase name="validateReferenceNumberField" classname="com.rockSolicitors.tests.MakePaymentTest" time="0.001"/>
  <testcase name="validateBookAnAppointmentPageUrl" classname="com.rockSolicitors.tests.BookAnAppointmentTest" time="2.042"/>
  <testcase name="validatePriceListPage" classname="com.rockSolicitors.tests.ViewPriceListTest" time="5.303">
    <system-err><![CDATA[Starting MSEdgeDriver 89.0.774.76 (e9b1c8e4a587fb5385c66272194282bbede85644) on port 44616
Only local connections are allowed.
Please see https://chromedriver.chromium.org/security-considerations for suggestions on keeping MSEdgeDriver safe.
MSEdgeDriver was started successfully.
]]></system-err>
  </testcase>
  <testcase name="validateWillsPowerOfAttorneyWillsPage" classname="com.rockSolicitors.tests.ViewPriceListTest" time="2.366"/>
  <testcase name="validatePurchaseOfBusinessAndFranchise" classname="com.rockSolicitors.tests.ViewPriceListTest" time="0.523"/>
  <testcase name="validateConveyancingAndPropertyPage" classname="com.rockSolicitors.tests.ViewPriceListTest" time="2.08"/>
  <testcase name="validateButtonsOnReferToAFriendPage" classname="com.rockSolicitors.tests.RecommendUsTest" time="1.43"/>
  <testcase name="validateMessagePreview" classname="com.rockSolicitors.tests.RecommendUsTest" time="3.055"/>
  <testcase name="validateYourFriendDetailsWarnings" classname="com.rockSolicitors.tests.RecommendUsTest" time="11.82"/>
  <testcase name="validateYourDetailsWarnings" classname="com.rockSolicitors.tests.RecommendUsTest" time="5.619"/>
  <testcase name="validateReadYourDocumentPageUrl" classname="com.rockSolicitors.tests.ReadYourDocumentTest" time="4.079"/>
  <testcase name="validateOnboardFormsUrl" classname="com.rockSolicitors.tests.ProvideInformationTest" time="37.355"/>
</testsuite>